生成启动时间为 2017/10/16 12:33:00。
     1>项目“D:\VS_dev\xAnso_win\xAnso_win\xAnso_win.vcxproj”在节点 2 上(Build 个目标)。
     1>ClCompile:
         D:\Applaction\Microsoft Visual Studio 12.0\VC\bin\CL.exe /c /ZI /nologo /W3 /WX- /Od /Oy- /D WIN32 /D _WINDOWS /D _DEBUG /D _UNICODE /D UNICODE /D _AFXDLL /Gm /EHsc /RTC1 /MDd /GS /fp:precise /Zc:wchar_t /Zc:forScope /Yc"stdafx.h" /Fp"Debug\xAnso_win.pch" /Fo"Debug\\" /Fd"Debug\vc120.pdb" /Gd /TP /analyze- /errorReport:prompt stdafx.cpp
         stdafx.cpp
         D:\Applaction\Microsoft Visual Studio 12.0\VC\bin\CL.exe /c /ZI /nologo /W3 /WX- /Od /Oy- /D WIN32 /D _WINDOWS /D _DEBUG /D _UNICODE /D UNICODE /D _AFXDLL /Gm /EHsc /RTC1 /MDd /GS /fp:precise /Zc:wchar_t /Zc:forScope /Yu"stdafx.h" /Fp"Debug\xAnso_win.pch" /Fo"Debug\\" /Fd"Debug\vc120.pdb" /Gd /TP /analyze- /errorReport:prompt xAnso_win.cpp xAnso_winDlg.cpp
         xAnso_winDlg.cpp
         xAnso_win.cpp
         正在生成代码...
       ResourceCompile:
         C:\Program Files (x86)\Windows Kits\8.1\bin\x86\rc.exe /D _DEBUG /D _UNICODE /D UNICODE /D _AFXDLL /l"0x0804" /IDebug\ /nologo /fo"Debug\xAnso_win.res" xAnso_win.rc 
       Link:
         D:\Applaction\Microsoft Visual Studio 12.0\VC\bin\link.exe /ERRORREPORT:PROMPT /OUT:"D:\VS_dev\xAnso_win\Debug\xAnso_win.exe" /INCREMENTAL /NOLOGO /MANIFEST /MANIFESTUAC:"level='asInvoker' uiAccess='false'" /manifest:embed /manifestinput:"D:\Applaction\Microsoft Visual Studio 12.0\VC\Include\Manifest\dpiaware.manifest" /DEBUG /PDB:"D:\VS_dev\xAnso_win\Debug\xAnso_win.pdb" /SUBSYSTEM:WINDOWS /TLBID:1 /ENTRY:"wWinMainCRTStartup" /DYNAMICBASE /NXCOMPAT /IMPLIB:"D:\VS_dev\xAnso_win\Debug\xAnso_win.lib" /MACHINE:X86 Debug\xAnso_win.res
         Debug\stdafx.obj
         Debug\xAnso_win.obj
         Debug\xAnso_winDlg.obj
         xAnso_win.vcxproj -> D:\VS_dev\xAnso_win\Debug\xAnso_win.exe
     1>已完成生成项目“D:\VS_dev\xAnso_win\xAnso_win\xAnso_win.vcxproj”(Build 个目标)的操作。

生成成功。

已用时间 00:00:03.41
